<?xml version="1.0" encoding="UTF-8"?>
<!-- Generated by org.testng.reporters.JUnitReportReporter -->
<testsuite hostname="LAPTOP-DN3J840J" failures="0" tests="2" name="TestCases.TC_005_Experiment" time="26.751" errors="0" timestamp="2023-04-30T14:32:52 CDT" skipped="0">
  <testcase classname="TestCases.TC_005_Experiment" name="experiment" time="14.429"/>
  <system-out/>
  <testcase classname="TestCases.TC_005_Experiment" name="experiment" time="12.322"/>
  <system-out/>
</testsuite> <!-- TestCases.TC_005_Experiment -->
