<?xml version="1.0" encoding="UTF-8"?>
<!-- Generated by org.testng.reporters.JUnitReportReporter -->
<testsuite hostname="LAPTOP-DN3J840J" failures="0" tests="8" name="TestCases.TC_001_Login" time="48.392" errors="0" timestamp="2023-04-30T14:32:52 CDT" skipped="0">
  <testcase classname="TestCases.TC_001_Login" name="loginWithValidCredentials" time="6.899"/>
  <system-out/>
  <testcase classname="TestCases.TC_001_Login" name="loginWithValidCredentials" time="5.740"/>
  <system-out/>
  <testcase classname="TestCases.TC_001_Login" name="loginWithValidCredentials" time="6.142"/>
  <system-out/>
  <testcase classname="TestCases.TC_001_Login" name="loginWithValidCredentials" time="7.238"/>
  <system-out/>
  <testcase classname="TestCases.TC_001_Login" name="loginWithValidCredentials" time="5.852"/>
  <system-out/>
  <testcase classname="TestCases.TC_001_Login" name="loginWithValidCredentials" time="4.422"/>
  <system-out/>
  <testcase classname="TestCases.TC_001_Login" name="loginWithValidCredentials" time="5.904"/>
  <system-out/>
  <testcase classname="TestCases.TC_001_Login" name="loginWithValidCredentials" time="6.195"/>
  <system-out/>
</testsuite> <!-- TestCases.TC_001_Login -->
