<?xml version="1.0" encoding="UTF-8"?>
<!-- Generated by org.testng.reporters.JUnitReportReporter -->
<testsuite hostname="LAPTOP-DN3J840J" failures="0" tests="8" name="TestCases.TC_003_Logout" time="46.251" errors="0" timestamp="2023-04-30T14:32:52 CDT" skipped="0">
  <testcase classname="TestCases.TC_003_Logout" name="logout" time="4.579"/>
  <system-out/>
  <testcase classname="TestCases.TC_003_Logout" name="logout" time="6.289"/>
  <system-out/>
  <testcase classname="TestCases.TC_003_Logout" name="logout" time="6.014"/>
  <system-out/>
  <testcase classname="TestCases.TC_003_Logout" name="logout" time="4.546"/>
  <system-out/>
  <testcase classname="TestCases.TC_003_Logout" name="logout" time="6.266"/>
  <system-out/>
  <testcase classname="TestCases.TC_003_Logout" name="logout" time="6.141"/>
  <system-out/>
  <testcase classname="TestCases.TC_003_Logout" name="logout" time="6.231"/>
  <system-out/>
  <testcase classname="TestCases.TC_003_Logout" name="logout" time="6.185"/>
  <system-out/>
</testsuite> <!-- TestCases.TC_003_Logout -->
