<?xml version="1.0" encoding="UTF-8"?>
<!-- Generated by org.testng.reporters.JUnitReportReporter -->
<testsuite hostname="LAPTOP-DN3J840J" failures="0" tests="2" name="TestCases.TC_004_FullCheckOut" time="15.573" errors="0" timestamp="2023-04-30T14:32:52 CDT" skipped="0">
  <testcase classname="TestCases.TC_004_FullCheckOut" name="addingToCartAndPriceCheck" time="6.862"/>
  <system-out/>
  <testcase classname="TestCases.TC_004_FullCheckOut" name="addingToCartAndPriceCheck" time="8.711"/>
  <system-out/>
</testsuite> <!-- TestCases.TC_004_FullCheckOut -->
